DEPRECATION WARNING: config.action_view.debug_rjs will be removed in 3.1, from 3.1 onwards you will need to install prototype-rails to continue to use RJS templates . (called from service at /Users/kurko/.rvm/rubies/ruby-1.9.2-p0/lib/ruby/1.9.1/webrick/httpserver.rb:111)
DEPRECATION WARNING: config.action_view.debug_rjs will be removed in 3.1, from 3.1 onwards you will need to install prototype-rails to continue to use RJS templates . (called from service at /Users/kurko/.rvm/rubies/ruby-1.9.2-p0/lib/ruby/1.9.1/webrick/httpserver.rb:111)


Started GET "/" for 127.0.0.1 at 2011-08-21 20:24:45 -0300

ActionController::RoutingError (No route matches "/"):
  

Rendered /Users/kurko/.rvm/gems/ruby-1.9.2-p0/gems/actionpack-3.0.10/lib/action_dispatch/middleware/templates/rescues/routing_error.erb within rescues/layout (1.3ms)


Started GET "/" for 127.0.0.1 at 2011-08-21 20:25:57 -0300
  Processing by AustController#index as HTML
Rendered aust/index.html.erb within layouts/application (2.3ms)
Completed 200 OK in 7ms (Views: 6.8ms | ActiveRecord: 0.0ms)


Started GET "/" for 127.0.0.1 at 2011-08-21 20:28:09 -0300
  Processing by AustController#index as HTML
Rendered aust/index.html.erb within layouts/application (2.3ms)
Completed 200 OK in 7ms (Views: 6.4ms | ActiveRecord: 0.0ms)


Started GET "/" for 127.0.0.1 at 2011-08-21 20:28:13 -0300
  Processing by AustController#index as HTML
Rendered aust/index.html.erb within layouts/application (2.3ms)
Completed 200 OK in 7ms (Views: 6.8ms | ActiveRecord: 0.0ms)


Started GET "/" for 127.0.0.1 at 2011-08-21 20:28:40 -0300
  Processing by AustController#index as HTML
Rendered aust/index.html.erb within layouts/application (2.3ms)
Completed 200 OK in 7ms (Views: 6.5ms | ActiveRecord: 0.0ms)


Started GET "/" for 127.0.0.1 at 2011-08-21 20:32:46 -0300
  Processing by AustController#index as HTML
Rendered aust/index.html.erb within layouts/application (2.6ms)
Completed 200 OK in 7ms (Views: 6.8ms | ActiveRecord: 0.0ms)


Started GET "/" for 127.0.0.1 at 2011-08-21 20:33:01 -0300
  Processing by AustController#index as HTML
Rendered aust/index.html.erb within layouts/application (2.5ms)
Completed 200 OK in 7ms (Views: 6.6ms | ActiveRecord: 0.0ms)


Started GET "/" for 127.0.0.1 at 2011-08-21 20:33:32 -0300
  Processing by AustController#index as HTML
Rendered aust/index.html.erb within layouts/application (2.7ms)
Completed 200 OK in 8ms (Views: 7.2ms | ActiveRecord: 0.0ms)


Started GET "/" for 127.0.0.1 at 2011-08-21 20:33:48 -0300
  Processing by AustController#index as HTML
Rendered aust/index.html.erb within layouts/application (2.7ms)
Completed 200 OK in 7ms (Views: 7.0ms | ActiveRecord: 0.0ms)


Started GET "/" for 127.0.0.1 at 2011-08-21 20:33:54 -0300
  Processing by AustController#index as HTML
Rendered aust/index.html.erb within layouts/application (2.7ms)
Completed 200 OK in 8ms (Views: 7.3ms | ActiveRecord: 0.0ms)


Started GET "/" for 127.0.0.1 at 2011-08-21 20:34:21 -0300
  Processing by AustController#index as HTML
Rendered aust/index.html.erb within layouts/application (2.5ms)
Completed 200 OK in 7ms (Views: 6.8ms | ActiveRecord: 0.0ms)


Started GET "/" for 127.0.0.1 at 2011-08-21 20:35:03 -0300
  Processing by AustController#index as HTML
Rendered aust/index.html.erb within layouts/application (2.7ms)
Completed 200 OK in 7ms (Views: 7.0ms | ActiveRecord: 0.0ms)


Started GET "/" for 127.0.0.1 at 2011-08-21 20:35:35 -0300
  Processing by AustController#index as HTML
Rendered aust/index.html.erb within layouts/application (2.6ms)
Completed 200 OK in 7ms (Views: 6.9ms | ActiveRecord: 0.0ms)


Started GET "/" for 127.0.0.1 at 2011-08-21 20:36:00 -0300
  Processing by AustController#index as HTML
Rendered aust/index.html.erb within layouts/application (2.7ms)
Completed 200 OK in 7ms (Views: 6.9ms | ActiveRecord: 0.0ms)


Started GET "/" for 127.0.0.1 at 2011-08-21 20:36:08 -0300
  Processing by AustController#index as HTML
Rendered aust/index.html.erb within layouts/application (2.6ms)
Completed 200 OK in 7ms (Views: 6.7ms | ActiveRecord: 0.0ms)


Started GET "/" for 127.0.0.1 at 2011-08-21 20:36:28 -0300
  Processing by AustController#index as HTML
Rendered aust/index.html.erb within layouts/application (2.5ms)
Completed 200 OK in 7ms (Views: 7.0ms | ActiveRecord: 0.0ms)


Started GET "/" for 127.0.0.1 at 2011-08-21 20:36:47 -0300
  Processing by AustController#index as HTML
Rendered aust/index.html.erb within layouts/application (26.1ms)
Completed 200 OK in 31ms (Views: 30.5ms | ActiveRecord: 0.0ms)


Started GET "/" for 127.0.0.1 at 2011-08-21 20:36:56 -0300
  Processing by AustController#index as HTML
Rendered aust/index.html.erb within layouts/application (2.6ms)
Completed 200 OK in 8ms (Views: 7.2ms | ActiveRecord: 0.0ms)


Started GET "/" for 127.0.0.1 at 2011-08-21 20:37:15 -0300
  Processing by AustController#index as HTML
Rendered aust/index.html.erb within layouts/application (2.8ms)
Completed 200 OK in 8ms (Views: 7.5ms | ActiveRecord: 0.0ms)


Started GET "/" for 127.0.0.1 at 2011-08-21 20:37:18 -0300
  Processing by AustController#index as HTML
Rendered aust/index.html.erb within layouts/application (2.6ms)
Completed 200 OK in 7ms (Views: 6.9ms | ActiveRecord: 0.0ms)


Started GET "/" for 127.0.0.1 at 2011-08-21 20:37:22 -0300
  Processing by AustController#index as HTML
Rendered aust/index.html.erb within layouts/application (2.6ms)
Completed 200 OK in 8ms (Views: 7.3ms | ActiveRecord: 0.0ms)


Started GET "/" for 127.0.0.1 at 2011-08-21 20:38:44 -0300
  Processing by AustController#index as HTML
Rendered aust/index.html.erb within layouts/application (3.2ms)
Completed 200 OK in 8ms (Views: 7.3ms | ActiveRecord: 0.0ms)


Started GET "/" for 127.0.0.1 at 2011-08-21 20:39:10 -0300
  Processing by AustController#index as HTML
Rendered aust/index.html.erb within layouts/application (4.2ms)
Completed 200 OK in 9ms (Views: 8.5ms | ActiveRecord: 0.0ms)


Started GET "/" for 127.0.0.1 at 2011-08-21 20:39:40 -0300
  Processing by AustController#index as HTML
Rendered aust/index.html.erb within layouts/application (4.2ms)
Completed 200 OK in 9ms (Views: 8.6ms | ActiveRecord: 0.0ms)


Started GET "/" for 127.0.0.1 at 2011-08-21 20:39:48 -0300
  Processing by AustController#index as HTML
Rendered aust/index.html.erb within layouts/application (4.2ms)
Completed 200 OK in 9ms (Views: 8.4ms | ActiveRecord: 0.0ms)


Started GET "/" for 127.0.0.1 at 2011-08-21 20:39:53 -0300
  Processing by AustController#index as HTML
Rendered aust/index.html.erb within layouts/application (4.1ms)
Completed 200 OK in 9ms (Views: 8.2ms | ActiveRecord: 0.0ms)


Started GET "/" for 127.0.0.1 at 2011-08-21 20:42:06 -0300
  Processing by AustController#index as HTML
Rendered aust/index.html.erb within layouts/application (4.5ms)
Completed 200 OK in 9ms (Views: 9.1ms | ActiveRecord: 0.0ms)


Started GET "/" for 127.0.0.1 at 2011-08-21 20:42:30 -0300
  Processing by AustController#index as HTML
Rendered aust/index.html.erb within layouts/application (5.0ms)
Completed 200 OK in 10ms (Views: 9.6ms | ActiveRecord: 0.0ms)


Started GET "/" for 127.0.0.1 at 2011-08-21 20:42:33 -0300
  Processing by AustController#index as HTML
Rendered aust/index.html.erb within layouts/application (4.4ms)
Completed 200 OK in 9ms (Views: 8.8ms | ActiveRecord: 0.0ms)


Started GET "/" for 127.0.0.1 at 2011-08-21 20:44:36 -0300
  Processing by AustController#index as HTML
Rendered aust/index.html.erb within layouts/application (4.5ms)
Completed 200 OK in 9ms (Views: 8.7ms | ActiveRecord: 0.0ms)


Started GET "/" for 127.0.0.1 at 2011-08-21 20:45:12 -0300
  Processing by AustController#index as HTML
Rendered aust/index.html.erb within layouts/application (29.6ms)
Completed 200 OK in 35ms (Views: 34.2ms | ActiveRecord: 0.0ms)


Started GET "/" for 127.0.0.1 at 2011-08-21 20:45:54 -0300
  Processing by AustController#index as HTML
Rendered aust/index.html.erb within layouts/application (4.4ms)
Completed 200 OK in 9ms (Views: 8.9ms | ActiveRecord: 0.0ms)


Started GET "/" for 127.0.0.1 at 2011-08-21 20:46:28 -0300
  Processing by AustController#index as HTML
Rendered aust/index.html.erb within layouts/application (28.6ms)
Completed 200 OK in 33ms (Views: 33.1ms | ActiveRecord: 0.0ms)


Started GET "/" for 127.0.0.1 at 2011-08-21 20:46:33 -0300
  Processing by AustController#index as HTML
Rendered aust/index.html.erb within layouts/application (4.6ms)
Completed 200 OK in 9ms (Views: 9.0ms | ActiveRecord: 0.0ms)


Started GET "/" for 127.0.0.1 at 2011-08-21 20:47:02 -0300
  Processing by AustController#index as HTML
Rendered aust/index.html.erb within layouts/application (4.8ms)
Completed 200 OK in 34ms (Views: 9.2ms | ActiveRecord: 0.0ms)


Started GET "/" for 127.0.0.1 at 2011-08-21 20:47:18 -0300
  Processing by AustController#index as HTML
Rendered aust/index.html.erb within layouts/application (4.5ms)
Completed 200 OK in 9ms (Views: 8.7ms | ActiveRecord: 0.0ms)


Started GET "/" for 127.0.0.1 at 2011-08-21 20:47:22 -0300
  Processing by AustController#index as HTML
Rendered aust/index.html.erb within layouts/application (4.8ms)
Completed 200 OK in 10ms (Views: 9.2ms | ActiveRecord: 0.0ms)


Started GET "/" for 127.0.0.1 at 2011-08-21 20:47:28 -0300
  Processing by AustController#index as HTML
Rendered aust/index.html.erb within layouts/application (4.7ms)
Completed 200 OK in 10ms (Views: 9.2ms | ActiveRecord: 0.0ms)


Started GET "/" for 127.0.0.1 at 2011-08-21 20:47:34 -0300
  Processing by AustController#index as HTML
Rendered aust/index.html.erb within layouts/application (4.6ms)
Completed 200 OK in 9ms (Views: 8.8ms | ActiveRecord: 0.0ms)


Started GET "/" for 127.0.0.1 at 2011-08-21 20:47:37 -0300
  Processing by AustController#index as HTML
Rendered aust/index.html.erb within layouts/application (4.6ms)
Completed 200 OK in 9ms (Views: 8.9ms | ActiveRecord: 0.0ms)


Started GET "/" for 127.0.0.1 at 2011-08-21 20:47:46 -0300
  Processing by AustController#index as HTML
Rendered aust/index.html.erb within layouts/application (4.8ms)
Completed 200 OK in 10ms (Views: 9.3ms | ActiveRecord: 0.0ms)


Started GET "/" for 127.0.0.1 at 2011-08-21 20:47:49 -0300
  Processing by AustController#index as HTML
Rendered aust/index.html.erb within layouts/application (4.7ms)
Completed 200 OK in 9ms (Views: 9.1ms | ActiveRecord: 0.0ms)


Started GET "/" for 127.0.0.1 at 2011-08-21 20:48:01 -0300
  Processing by AustController#index as HTML
Rendered aust/index.html.erb within layouts/application (4.5ms)
Completed 200 OK in 9ms (Views: 9.0ms | ActiveRecord: 0.0ms)


Started GET "/" for 127.0.0.1 at 2011-08-21 20:52:02 -0300
  Processing by AustController#index as HTML
Rendered aust/index.html.erb within layouts/application (5.1ms)
Completed 200 OK in 10ms (Views: 9.8ms | ActiveRecord: 0.0ms)


Started GET "/" for 127.0.0.1 at 2011-08-21 20:53:22 -0300
  Processing by AustController#index as HTML
Rendered aust/index.html.erb within layouts/application (5.2ms)
Completed 200 OK in 10ms (Views: 9.8ms | ActiveRecord: 0.0ms)


Started GET "/" for 127.0.0.1 at 2011-08-21 20:54:32 -0300
  Processing by AustController#index as HTML
Rendered aust/index.html.erb within layouts/application (5.0ms)
Completed 200 OK in 10ms (Views: 9.4ms | ActiveRecord: 0.0ms)


Started GET "/" for 127.0.0.1 at 2011-08-21 20:54:38 -0300
  Processing by AustController#index as HTML
Rendered aust/index.html.erb within layouts/application (4.9ms)
Completed 200 OK in 10ms (Views: 9.1ms | ActiveRecord: 0.0ms)


Started GET "/" for 127.0.0.1 at 2011-08-21 20:54:55 -0300
  Processing by AustController#index as HTML
Rendered aust/index.html.erb within layouts/application (5.0ms)
Completed 200 OK in 10ms (Views: 9.3ms | ActiveRecord: 0.0ms)


Started GET "/" for 127.0.0.1 at 2011-08-21 20:55:05 -0300
  Processing by AustController#index as HTML
Rendered aust/index.html.erb within layouts/application (4.9ms)
Completed 200 OK in 10ms (Views: 9.1ms | ActiveRecord: 0.0ms)


Started GET "/" for 127.0.0.1 at 2011-08-21 20:55:57 -0300
  Processing by AustController#index as HTML
Rendered aust/index.html.erb within layouts/application (4.8ms)
Completed 200 OK in 10ms (Views: 9.2ms | ActiveRecord: 0.0ms)


Started GET "/" for 127.0.0.1 at 2011-08-21 20:56:04 -0300
  Processing by AustController#index as HTML
Rendered aust/index.html.erb within layouts/application (29.9ms)
Completed 200 OK in 35ms (Views: 34.7ms | ActiveRecord: 0.0ms)


Started GET "/" for 127.0.0.1 at 2011-08-21 20:56:17 -0300
  Processing by AustController#index as HTML
Rendered aust/index.html.erb within layouts/application (4.8ms)
Completed 200 OK in 10ms (Views: 9.1ms | ActiveRecord: 0.0ms)


Started GET "/" for 127.0.0.1 at 2011-08-21 20:56:40 -0300
  Processing by AustController#index as HTML
Rendered aust/index.html.erb within layouts/application (29.6ms)
Completed 200 OK in 34ms (Views: 33.9ms | ActiveRecord: 0.0ms)


Started GET "/" for 127.0.0.1 at 2011-08-21 20:56:57 -0300
  Processing by AustController#index as HTML
Rendered aust/index.html.erb within layouts/application (4.8ms)
Completed 200 OK in 10ms (Views: 9.2ms | ActiveRecord: 0.0ms)


Started GET "/" for 127.0.0.1 at 2011-08-21 20:57:25 -0300
  Processing by AustController#index as HTML
Rendered aust/index.html.erb within layouts/application (4.8ms)
Completed 200 OK in 34ms (Views: 33.2ms | ActiveRecord: 0.0ms)


Started GET "/" for 127.0.0.1 at 2011-08-21 20:57:45 -0300
  Processing by AustController#index as HTML
Rendered aust/index.html.erb within layouts/application (4.7ms)
Completed 200 OK in 9ms (Views: 9.0ms | ActiveRecord: 0.0ms)


Started GET "/" for 127.0.0.1 at 2011-08-21 20:58:09 -0300
  Processing by AustController#index as HTML
Rendered aust/index.html.erb within layouts/application (4.9ms)
Completed 200 OK in 10ms (Views: 9.2ms | ActiveRecord: 0.0ms)


Started GET "/" for 127.0.0.1 at 2011-08-21 20:58:19 -0300
  Processing by AustController#index as HTML
Rendered aust/index.html.erb within layouts/application (4.8ms)
Completed 200 OK in 10ms (Views: 9.6ms | ActiveRecord: 0.0ms)


Started GET "/" for 127.0.0.1 at 2011-08-21 20:58:26 -0300
  Processing by AustController#index as HTML
Rendered aust/index.html.erb within layouts/application (4.8ms)
Completed 200 OK in 10ms (Views: 9.2ms | ActiveRecord: 0.0ms)


Started GET "/" for 127.0.0.1 at 2011-08-21 20:58:32 -0300
  Processing by AustController#index as HTML
Rendered aust/index.html.erb within layouts/application (5.0ms)
Completed 200 OK in 10ms (Views: 9.8ms | ActiveRecord: 0.0ms)


Started GET "/" for 127.0.0.1 at 2011-08-21 20:58:55 -0300
  Processing by AustController#index as HTML
Rendered aust/index.html.erb within layouts/application (4.9ms)
Completed 200 OK in 10ms (Views: 9.2ms | ActiveRecord: 0.0ms)


Started GET "/" for 127.0.0.1 at 2011-08-21 20:59:20 -0300
  Processing by AustController#index as HTML
Rendered aust/index.html.erb within layouts/application (4.7ms)
Completed 200 OK in 9ms (Views: 9.0ms | ActiveRecord: 0.0ms)


Started GET "/" for 127.0.0.1 at 2011-08-21 20:59:41 -0300
  Processing by AustController#index as HTML
Rendered aust/index.html.erb within layouts/application (4.7ms)
Completed 200 OK in 9ms (Views: 8.8ms | ActiveRecord: 0.0ms)


Started GET "/" for 127.0.0.1 at 2011-08-21 21:02:10 -0300
  Processing by AustController#index as HTML
Rendered aust/index.html.erb within layouts/application (4.6ms)
Completed 200 OK in 9ms (Views: 9.0ms | ActiveRecord: 0.0ms)


Started GET "/" for 127.0.0.1 at 2011-08-21 21:02:12 -0300
  Processing by AustController#index as HTML
Rendered aust/index.html.erb within layouts/application (5.1ms)
Completed 200 OK in 10ms (Views: 9.5ms | ActiveRecord: 0.0ms)


Started GET "/" for 127.0.0.1 at 2011-08-21 21:02:20 -0300
  Processing by AustController#index as HTML
Rendered aust/index.html.erb within layouts/application (5.5ms)
Completed 200 OK in 10ms (Views: 9.6ms | ActiveRecord: 0.0ms)


Started GET "/" for 127.0.0.1 at 2011-08-21 21:02:25 -0300
  Processing by AustController#index as HTML
Rendered aust/index.html.erb within layouts/application (4.9ms)
Completed 200 OK in 10ms (Views: 9.3ms | ActiveRecord: 0.0ms)


Started GET "/" for 127.0.0.1 at 2011-08-21 21:03:58 -0300
  Processing by AustController#index as HTML
Rendered aust/index.html.erb within layouts/application (4.8ms)
Completed 200 OK in 9ms (Views: 9.1ms | ActiveRecord: 0.0ms)


Started GET "/" for 127.0.0.1 at 2011-08-21 21:04:13 -0300
  Processing by AustController#index as HTML
Rendered aust/index.html.erb within layouts/application (4.6ms)
Completed 200 OK in 9ms (Views: 8.7ms | ActiveRecord: 0.0ms)


Started GET "/" for 127.0.0.1 at 2011-08-21 21:04:18 -0300
  Processing by AustController#index as HTML
Rendered aust/index.html.erb within layouts/application (4.8ms)
Completed 200 OK in 10ms (Views: 9.2ms | ActiveRecord: 0.0ms)


Started GET "/" for 127.0.0.1 at 2011-08-21 21:04:37 -0300
  Processing by AustController#index as HTML
Rendered aust/index.html.erb within layouts/application (4.9ms)
Completed 200 OK in 9ms (Views: 9.1ms | ActiveRecord: 0.0ms)


Started GET "/" for 127.0.0.1 at 2011-08-21 21:05:05 -0300
  Processing by AustController#index as HTML
Rendered aust/index.html.erb within layouts/application (4.9ms)
Completed 200 OK in 9ms (Views: 9.1ms | ActiveRecord: 0.0ms)


Started GET "/" for 127.0.0.1 at 2011-08-21 21:05:09 -0300
  Processing by AustController#index as HTML
Rendered aust/index.html.erb within layouts/application (4.8ms)
Completed 200 OK in 9ms (Views: 9.1ms | ActiveRecord: 0.0ms)


Started GET "/" for 127.0.0.1 at 2011-08-21 21:05:12 -0300
  Processing by AustController#index as HTML
Rendered aust/index.html.erb within layouts/application (5.2ms)
Completed 200 OK in 10ms (Views: 9.4ms | ActiveRecord: 0.0ms)


Started GET "/" for 127.0.0.1 at 2011-08-21 21:05:14 -0300
  Processing by AustController#index as HTML
Rendered aust/index.html.erb within layouts/application (4.7ms)
Completed 200 OK in 9ms (Views: 9.0ms | ActiveRecord: 0.0ms)


Started GET "/" for 127.0.0.1 at 2011-08-21 21:05:18 -0300
  Processing by AustController#index as HTML
Rendered aust/index.html.erb within layouts/application (4.9ms)
Completed 200 OK in 10ms (Views: 9.2ms | ActiveRecord: 0.0ms)


Started GET "/" for 127.0.0.1 at 2011-08-21 21:05:53 -0300
  Processing by AustController#index as HTML
Rendered aust/index.html.erb within layouts/application (5.2ms)
Completed 200 OK in 10ms (Views: 9.4ms | ActiveRecord: 0.0ms)


Started GET "/" for 127.0.0.1 at 2011-08-21 21:06:11 -0300
  Processing by AustController#index as HTML
Rendered aust/index.html.erb within layouts/application (5.1ms)
Completed 200 OK in 10ms (Views: 9.6ms | ActiveRecord: 0.0ms)


Started GET "/" for 127.0.0.1 at 2011-08-21 21:18:13 -0300
  Processing by AustController#index as HTML
Rendered aust/index.html.erb within layouts/application (5.0ms)
Completed 200 OK in 9ms (Views: 9.1ms | ActiveRecord: 0.0ms)


Started GET "/" for 127.0.0.1 at 2011-08-21 21:18:38 -0300
  Processing by AustController#index as HTML
Rendered aust/index.html.erb within layouts/application (5.5ms)
Completed 200 OK in 37ms (Views: 36.2ms | ActiveRecord: 0.0ms)


Started GET "/" for 127.0.0.1 at 2011-08-21 21:18:50 -0300
  Processing by AustController#index as HTML
Rendered aust/index.html.erb within layouts/application (5.7ms)
Completed 200 OK in 11ms (Views: 10.5ms | ActiveRecord: 0.0ms)


Started GET "/" for 127.0.0.1 at 2011-08-21 21:18:55 -0300
  Processing by AustController#index as HTML
Rendered aust/index.html.erb within layouts/application (5.1ms)
Completed 200 OK in 10ms (Views: 9.4ms | ActiveRecord: 0.0ms)


Started GET "/" for 127.0.0.1 at 2011-08-21 21:19:02 -0300
  Processing by AustController#index as HTML
Rendered aust/index.html.erb within layouts/application (5.5ms)
Completed 200 OK in 11ms (Views: 10.1ms | ActiveRecord: 0.0ms)


Started GET "/" for 127.0.0.1 at 2011-08-21 21:19:14 -0300
  Processing by AustController#index as HTML
Rendered aust/index.html.erb within layouts/application (5.6ms)
Completed 200 OK in 11ms (Views: 10.5ms | ActiveRecord: 0.0ms)


Started GET "/" for 127.0.0.1 at 2011-08-21 21:19:41 -0300
  Processing by AustController#index as HTML
Rendered aust/index.html.erb within layouts/application (5.6ms)
Completed 200 OK in 11ms (Views: 10.6ms | ActiveRecord: 0.0ms)


Started GET "/" for 127.0.0.1 at 2011-08-21 21:19:47 -0300
  Processing by AustController#index as HTML
Rendered aust/index.html.erb within layouts/application (5.5ms)
Completed 200 OK in 11ms (Views: 10.3ms | ActiveRecord: 0.0ms)


Started GET "/" for 127.0.0.1 at 2011-08-21 21:20:02 -0300
  Processing by AustController#index as HTML
Rendered aust/index.html.erb within layouts/application (5.4ms)
Completed 200 OK in 10ms (Views: 9.7ms | ActiveRecord: 0.0ms)


Started GET "/" for 127.0.0.1 at 2011-08-21 21:20:30 -0300
  Processing by AustController#index as HTML
Rendered aust/index.html.erb within layouts/application (5.6ms)
Completed 200 OK in 11ms (Views: 10.2ms | ActiveRecord: 0.0ms)


Started GET "/" for 127.0.0.1 at 2011-08-21 21:20:40 -0300
  Processing by AustController#index as HTML
Rendered aust/index.html.erb within layouts/application (5.2ms)
Completed 200 OK in 10ms (Views: 9.8ms | ActiveRecord: 0.0ms)


Started GET "/" for 127.0.0.1 at 2011-08-21 21:20:50 -0300
  Processing by AustController#index as HTML
Rendered aust/index.html.erb within layouts/application (5.2ms)
Completed 200 OK in 10ms (Views: 9.7ms | ActiveRecord: 0.0ms)


Started GET "/" for 127.0.0.1 at 2011-08-21 21:20:58 -0300
  Processing by AustController#index as HTML
Rendered aust/index.html.erb within layouts/application (29.6ms)
Completed 200 OK in 35ms (Views: 34.1ms | ActiveRecord: 0.0ms)


Started GET "/" for 127.0.0.1 at 2011-08-21 21:21:07 -0300
  Processing by AustController#index as HTML
Rendered aust/index.html.erb within layouts/application (5.3ms)
Completed 200 OK in 11ms (Views: 10.1ms | ActiveRecord: 0.0ms)


Started GET "/" for 127.0.0.1 at 2011-08-21 21:21:22 -0300
  Processing by AustController#index as HTML
Rendered aust/index.html.erb within layouts/application (4.9ms)
Completed 200 OK in 9ms (Views: 9.0ms | ActiveRecord: 0.0ms)


Started GET "/" for 127.0.0.1 at 2011-08-21 21:21:40 -0300
  Processing by AustController#index as HTML
Rendered aust/index.html.erb within layouts/application (4.9ms)
Completed 200 OK in 10ms (Views: 9.3ms | ActiveRecord: 0.0ms)


Started GET "/" for 127.0.0.1 at 2011-08-21 21:21:43 -0300
  Processing by AustController#index as HTML
Rendered aust/index.html.erb within layouts/application (5.3ms)
Completed 200 OK in 10ms (Views: 9.7ms | ActiveRecord: 0.0ms)


Started GET "/" for 127.0.0.1 at 2011-08-21 21:21:47 -0300
  Processing by AustController#index as HTML
Rendered aust/index.html.erb within layouts/application (5.2ms)
Completed 200 OK in 10ms (Views: 9.8ms | ActiveRecord: 0.0ms)


Started GET "/" for 127.0.0.1 at 2011-08-21 21:21:50 -0300
  Processing by AustController#index as HTML
Rendered aust/index.html.erb within layouts/application (5.4ms)
Completed 200 OK in 10ms (Views: 9.7ms | ActiveRecord: 0.0ms)


Started GET "/" for 127.0.0.1 at 2011-08-21 22:03:32 -0300
  Processing by AustController#index as HTML
Rendered aust/index.html.erb within layouts/application (5.1ms)
Completed 200 OK in 10ms (Views: 9.6ms | ActiveRecord: 0.0ms)


Started GET "/" for 127.0.0.1 at 2011-08-21 22:03:45 -0300
  Processing by AustController#index as HTML
Rendered aust/index.html.erb within layouts/application (5.1ms)
Completed 200 OK in 10ms (Views: 9.3ms | ActiveRecord: 0.0ms)


Started GET "/" for 127.0.0.1 at 2011-08-21 22:22:57 -0300
  Processing by AustController#index as HTML
Rendered aust/index.html.erb within layouts/application (5.9ms)
Completed 200 OK in 10ms (Views: 10.0ms | ActiveRecord: 0.0ms)


Started GET "/" for 127.0.0.1 at 2011-08-21 22:23:57 -0300
  Processing by AustController#index as HTML
Rendered aust/index.html.erb within layouts/application (6.7ms)
Completed 200 OK in 12ms (Views: 11.2ms | ActiveRecord: 0.0ms)


Started GET "/" for 127.0.0.1 at 2011-08-21 22:24:29 -0300
  Processing by AustController#index as HTML
Rendered aust/index.html.erb within layouts/application (6.5ms)
Completed 200 OK in 11ms (Views: 10.7ms | ActiveRecord: 0.0ms)


Started GET "/" for 127.0.0.1 at 2011-08-21 22:24:34 -0300
  Processing by AustController#index as HTML
Rendered aust/index.html.erb within layouts/application (6.5ms)
Completed 200 OK in 11ms (Views: 10.6ms | ActiveRecord: 0.0ms)


Started GET "/" for 127.0.0.1 at 2011-08-21 22:25:42 -0300
  Processing by AustController#index as HTML
Rendered aust/index.html.erb within layouts/application (6.4ms)
Completed 200 OK in 11ms (Views: 10.7ms | ActiveRecord: 0.0ms)


Started GET "/" for 127.0.0.1 at 2011-08-21 22:25:50 -0300
  Processing by AustController#index as HTML
Rendered aust/index.html.erb within layouts/application (6.7ms)
Completed 200 OK in 12ms (Views: 11.2ms | ActiveRecord: 0.0ms)


Started GET "/" for 127.0.0.1 at 2011-08-21 22:25:58 -0300
  Processing by AustController#index as HTML
Rendered aust/index.html.erb within layouts/application (6.6ms)
Completed 200 OK in 12ms (Views: 11.1ms | ActiveRecord: 0.0ms)


Started GET "/" for 127.0.0.1 at 2011-08-21 22:26:04 -0300
  Processing by AustController#index as HTML
Rendered aust/index.html.erb within layouts/application (6.3ms)
Completed 200 OK in 11ms (Views: 10.8ms | ActiveRecord: 0.0ms)


Started GET "/" for 127.0.0.1 at 2011-08-21 22:26:16 -0300
  Processing by AustController#index as HTML
Rendered aust/index.html.erb within layouts/application (6.8ms)
Completed 200 OK in 11ms (Views: 10.9ms | ActiveRecord: 0.0ms)


Started GET "/" for 127.0.0.1 at 2011-08-21 22:26:58 -0300
  Processing by AustController#index as HTML
Rendered aust/index.html.erb within layouts/application (6.2ms)
Completed 200 OK in 11ms (Views: 10.2ms | ActiveRecord: 0.0ms)


Started GET "/" for 127.0.0.1 at 2011-08-21 22:27:56 -0300
  Processing by AustController#index as HTML
Rendered aust/index.html.erb within layouts/application (6.3ms)
Completed 200 OK in 11ms (Views: 10.8ms | ActiveRecord: 0.0ms)


Started GET "/" for 127.0.0.1 at 2011-08-21 22:28:09 -0300
  Processing by AustController#index as HTML
Rendered aust/index.html.erb within layouts/application (6.6ms)
Completed 200 OK in 12ms (Views: 11.7ms | ActiveRecord: 0.0ms)


Started GET "/" for 127.0.0.1 at 2011-08-21 22:28:13 -0300
  Processing by AustController#index as HTML
Rendered aust/index.html.erb within layouts/application (6.5ms)
Completed 200 OK in 12ms (Views: 11.0ms | ActiveRecord: 0.0ms)


Started GET "/" for 127.0.0.1 at 2011-08-21 22:28:20 -0300
  Processing by AustController#index as HTML
Rendered aust/index.html.erb within layouts/application (6.6ms)
Completed 200 OK in 11ms (Views: 11.0ms | ActiveRecord: 0.0ms)


Started GET "/" for 127.0.0.1 at 2011-08-21 22:28:44 -0300
  Processing by AustController#index as HTML
Rendered aust/index.html.erb within layouts/application (30.4ms)
Completed 200 OK in 35ms (Views: 34.8ms | ActiveRecord: 0.0ms)


Started GET "/" for 127.0.0.1 at 2011-08-21 22:28:53 -0300
  Processing by AustController#index as HTML
Rendered aust/index.html.erb within layouts/application (6.2ms)
Completed 200 OK in 11ms (Views: 10.7ms | ActiveRecord: 0.0ms)
